21:33:34 [main] STEP  JDI - Open ''(url=https://jdi-testing.github.io/jdi-light/) (WebPage)
21:33:34 [main] STEP  JDI - Open ''(url=https://jdi-testing.github.io/jdi-light/) (WebPage)
21:33:34 [main] INFO  JDI - Use driver path: C:\Selenium\chromedriver.exe
21:33:34 [main] INFO  JDI - Use driver path: C:\Selenium\chromedriver.exe
21:33:48 [main] INFO  JDI - Page 'WebPage' opened
21:33:48 [main] INFO  JDI - Page 'WebPage' opened
21:33:48 [main] STEP  JDI - Click on 'css='img#user-icon'' (css='img#user-icon')
21:33:48 [main] STEP  JDI - Click on 'css='img#user-icon'' (css='img#user-icon')
21:33:49 [main] STEP  JDI - Submit '' with User(name:Roman; password:Jdi1234) (UIElement)
21:33:49 [main] STEP  JDI - Submit '' with User(name:Roman; password:Jdi1234) (UIElement)
21:35:15 [main] STEP  JDI - ''(url=https://jdi-testing.github.io/jdi-light/contacts.html) should be opened (WebPage)
21:35:15 [main] STEP  JDI - ''(url=https://jdi-testing.github.io/jdi-light/contacts.html) should be opened (WebPage)
21:35:17 [main] STEP  JDI - Input 'JDI - awesome UI automation tool' in 'Description' (Description)
21:35:17 [main] STEP  JDI - Input 'JDI - awesome UI automation tool' in 'Description' (Description)
21:35:17 [main] STEP  JDI - Input 'ChiefQA' in 'Position' (Position)
21:35:17 [main] STEP  JDI - Input 'ChiefQA' in 'Position' (Position)
21:35:17 [main] STEP  JDI - Input '654321' in 'Passport Number' (Passport Number)
21:35:17 [main] STEP  JDI - Input '654321' in 'Passport Number' (Passport Number)
21:35:18 [main] STEP  JDI - Input 'Other' in 'Religion' (Religion)
21:35:18 [main] STEP  JDI - Input 'Other' in 'Religion' (Religion)
21:35:18 [main] STEP  JDI - Input '1234' in 'Passport Seria' (Passport Seria)
21:35:18 [main] STEP  JDI - Input '1234' in 'Passport Seria' (Passport Seria)
21:35:18 [main] STEP  JDI - Input 'Female' in 'Gender' (Gender)
21:35:18 [main] STEP  JDI - Input 'Female' in 'Gender' (Gender)
21:35:18 [main] STEP  JDI - Input 'Iovlev' in 'Last Name' (Last Name)
21:35:18 [main] STEP  JDI - Input 'Iovlev' in 'Last Name' (Last Name)
21:35:18 [main] STEP  JDI - Input 'Roman' in 'Name' (Name)
21:35:18 [main] STEP  JDI - Input 'Roman' in 'Name' (Name)
21:35:18 [main] STEP  JDI - Click on 'css='#contact-form [type=submit]'' (css='#contact-form [type=submit]')
21:35:18 [main] STEP  JDI - Click on 'css='#contact-form [type=submit]'' (css='#contact-form [type=submit]')
21:35:24 [main] STEP  JDI - Check that 'Contact Form' values are: Description:JDI - awesome UI automation tool,Position:ChiefQA,Passport Number:654321,Religion:Other,Passport Seria:1234,Gender:Female,Last Name:Iovlev,Name:Roman (Contact Form)
21:35:24 [main] STEP  JDI - Check that 'Contact Form' values are: Description:JDI - awesome UI automation tool,Position:ChiefQA,Passport Number:654321,Religion:Other,Passport Seria:1234,Gender:Female,Last Name:Iovlev,Name:Roman (Contact Form)
21:35:24 [main] STEP  JDI - ''(url=https://jdi-testing.github.io/jdi-light/contacts.html) should be opened (WebPage)
21:35:24 [main] STEP  JDI - ''(url=https://jdi-testing.github.io/jdi-light/contacts.html) should be opened (WebPage)
21:35:24 [main] STEP  JDI - Input 'Roman' in 'Name' (Name)
21:35:24 [main] STEP  JDI - Input 'Roman' in 'Name' (Name)
21:35:24 [main] STEP  JDI - Input 'Iovlev' in 'Last Name' (Last Name)
21:35:24 [main] STEP  JDI - Input 'Iovlev' in 'Last Name' (Last Name)
21:35:24 [main] STEP  JDI - Input 'ChiefQA' in 'Position' (Position)
21:35:24 [main] STEP  JDI - Input 'ChiefQA' in 'Position' (Position)
21:35:24 [main] STEP  JDI - Input '654321' in 'Passport Number' (Passport Number)
21:35:24 [main] STEP  JDI - Input '654321' in 'Passport Number' (Passport Number)
21:35:24 [main] STEP  JDI - Input '1234' in 'Passport Seria' (Passport Seria)
21:35:24 [main] STEP  JDI - Input '1234' in 'Passport Seria' (Passport Seria)
21:35:24 [main] STEP  JDI - Input 'JDI - awesome UI automation tool' in 'Description' (Description)
21:35:24 [main] STEP  JDI - Input 'JDI - awesome UI automation tool' in 'Description' (Description)
21:35:24 [main] STEP  JDI - Input 'Female' in 'Gender' (Gender)
21:35:24 [main] STEP  JDI - Input 'Female' in 'Gender' (Gender)
21:35:24 [main] STEP  JDI - Input 'Other' in 'Religion' (Religion)
21:35:24 [main] STEP  JDI - Input 'Other' in 'Religion' (Religion)
21:35:24 [main] STEP  JDI - Click on 'css='#contact-form [type=submit]'' (css='#contact-form [type=submit]')
21:35:24 [main] STEP  JDI - Click on 'css='#contact-form [type=submit]'' (css='#contact-form [type=submit]')
21:35:30 [main] STEP  JDI - Check that 'Contact Form' values are: Name:Roman,Last Name:Iovlev,Position:ChiefQA,Passport Number:654321,Passport Seria:1234,Description:JDI - awesome UI automation tool,Gender:Female,Religion:Other (Contact Form)
21:35:30 [main] STEP  JDI - Check that 'Contact Form' values are: Name:Roman,Last Name:Iovlev,Position:ChiefQA,Passport Number:654321,Passport Seria:1234,Description:JDI - awesome UI automation tool,Gender:Female,Religion:Other (Contact Form)
21:35:30 [main] STEP  JDI - ''(url=https://jdi-testing.github.io/jdi-light/bootstrap.html) should be opened (WebPage)
21:35:30 [main] STEP  JDI - ''(url=https://jdi-testing.github.io/jdi-light/bootstrap.html) should be opened (WebPage)
21:35:32 [main] STEP  JDI - ''(url=https://jdi-testing.github.io/jdi-light/bootstrap.html) should be opened (WebPage)
21:35:32 [main] STEP  JDI - ''(url=https://jdi-testing.github.io/jdi-light/bootstrap.html) should be opened (WebPage)
21:35:32 [main] STEP  JDI - ''(url=https://jdi-testing.github.io/jdi-light/contacts.html) should be opened (WebPage)
21:35:32 [main] STEP  JDI - ''(url=https://jdi-testing.github.io/jdi-light/contacts.html) should be opened (WebPage)
21:35:32 [main] STEP  JDI - ''(url=https://jdi-testing.github.io/jdi-light/contacts.html) should be opened (WebPage)
21:35:32 [main] STEP  JDI - ''(url=https://jdi-testing.github.io/jdi-light/contacts.html) should be opened (WebPage)
21:35:32 [main] STEP  JDI - Open ''(url=https://jdi-testing.github.io/jdi-light/html5.html) (WebPage)
21:35:32 [main] STEP  JDI - Open ''(url=https://jdi-testing.github.io/jdi-light/html5.html) (WebPage)
21:35:32 [main] INFO  JDI - Page 'WebPage' opened
21:35:32 [main] INFO  JDI - Page 'WebPage' opened
21:35:32 [main] STEP  JDI - Click on 'css='[value*='Red Button']'' (css='[value*='Red Button']')
21:35:32 [main] STEP  JDI - Click on 'css='[value*='Red Button']'' (css='[value*='Red Button']')
21:35:38 [main] STEP  JDI - ValidateAlert(is "Red button")
21:35:38 [main] STEP  JDI - ValidateAlert(is "Red button")
21:35:38 [main] STEP  JDI - Open ''(url=https://jdi-testing.github.io/jdi-light/html5.html) (WebPage)
21:35:38 [main] STEP  JDI - Open ''(url=https://jdi-testing.github.io/jdi-light/html5.html) (WebPage)
21:35:38 [main] INFO  JDI - Page 'WebPage' opened
21:35:38 [main] INFO  JDI - Page 'WebPage' opened
21:35:38 [main] STEP  JDI - Click on 'css='[value*='Red Button']'' (css='[value*='Red Button']')
21:35:38 [main] STEP  JDI - Click on 'css='[value*='Red Button']'' (css='[value*='Red Button']')
21:35:38 [main] STEP  JDI - ValidateAlert(is "Red button")
21:35:38 [main] STEP  JDI - ValidateAlert(is "Red button")
21:35:38 [main] STEP  JDI - Open ''(url=https://jdi-testing.github.io/jdi-light/html5.html) (WebPage)
21:35:38 [main] STEP  JDI - Open ''(url=https://jdi-testing.github.io/jdi-light/html5.html) (WebPage)
21:35:38 [main] INFO  JDI - Page 'WebPage' opened
21:35:38 [main] INFO  JDI - Page 'WebPage' opened
21:35:38 [main] STEP  JDI - Assert that 'css='[value*='Red Button']'' text Big Red Button-Input (css='[value*='Red Button']')
21:35:38 [main] STEP  JDI - Assert that 'css='[value*='Red Button']'' text Big Red Button-Input (css='[value*='Red Button']')
21:35:39 [main] STEP  JDI - Open ''(url=https://jdi-testing.github.io/jdi-light/html5.html) (WebPage)
21:35:39 [main] STEP  JDI - Open ''(url=https://jdi-testing.github.io/jdi-light/html5.html) (WebPage)
21:35:39 [main] INFO  JDI - Page 'WebPage' opened
21:35:39 [main] INFO  JDI - Page 'WebPage' opened
21:35:39 [main] STEP  JDI - Assert that 'css='#name' label' text "Your name:" (css='#name' label)
21:35:39 [main] STEP  JDI - Assert that 'css='#name' label' text "Your name:" (css='#name' label)
21:35:39 [main] STEP  JDI - Open ''(url=https://jdi-testing.github.io/jdi-light/html5.html) (WebPage)
21:35:39 [main] STEP  JDI - Open ''(url=https://jdi-testing.github.io/jdi-light/html5.html) (WebPage)
21:35:39 [main] INFO  JDI - Page 'WebPage' opened
21:35:39 [main] INFO  JDI - Page 'WebPage' opened
21:35:39 [main] STEP  JDI - Input 'simple 1234' in 'css='#name'' (css='#name')
21:35:39 [main] STEP  JDI - Input 'simple 1234' in 'css='#name'' (css='#name')
21:35:39 [main] STEP  JDI - Assert that 'css='#name'' text a string matching the pattern 'w{6} d{4}' (css='#name')
21:35:39 [main] STEP  JDI - Assert that 'css='#name'' text a string matching the pattern 'w{6} d{4}' (css='#name')
21:35:39 [main] STEP  JDI - Open ''(url=https://jdi-testing.github.io/jdi-light/html5.html) (WebPage)
21:35:39 [main] STEP  JDI - Open ''(url=https://jdi-testing.github.io/jdi-light/html5.html) (WebPage)
21:35:39 [main] INFO  JDI - Page 'WebPage' opened
21:35:39 [main] INFO  JDI - Page 'WebPage' opened
21:35:39 [main] STEP  JDI - Check 'css='#accept-conditions'' (css='#accept-conditions')
21:35:39 [main] STEP  JDI - Check 'css='#accept-conditions'' (css='#accept-conditions')
21:35:39 [main] STEP  JDI - Assert that 'css='#accept-conditions'' is selected (css='#accept-conditions')
21:35:39 [main] STEP  JDI - Assert that 'css='#accept-conditions'' is selected (css='#accept-conditions')
21:35:39 [main] STEP  JDI - Open ''(url=https://jdi-testing.github.io/jdi-light/html5.html) (WebPage)
21:35:39 [main] STEP  JDI - Open ''(url=https://jdi-testing.github.io/jdi-light/html5.html) (WebPage)
21:35:40 [main] INFO  JDI - Page 'WebPage' opened
21:35:40 [main] INFO  JDI - Page 'WebPage' opened
21:35:40 [main] STEP  JDI - Uncheck 'css='#accept-conditions'' (css='#accept-conditions')
21:35:40 [main] STEP  JDI - Uncheck 'css='#accept-conditions'' (css='#accept-conditions')
21:35:45 [main] STEP  JDI - Assert that 'css='#accept-conditions'' is deselected (css='#accept-conditions')
21:35:45 [main] STEP  JDI - Assert that 'css='#accept-conditions'' is deselected (css='#accept-conditions')
21:35:46 [main] STEP  JDI - Open ''(url=https://jdi-testing.github.io/jdi-light/html5.html) (WebPage)
21:35:46 [main] STEP  JDI - Open ''(url=https://jdi-testing.github.io/jdi-light/html5.html) (WebPage)
21:35:46 [main] INFO  JDI - Page 'WebPage' opened
21:35:46 [main] INFO  JDI - Page 'WebPage' opened
21:35:46 [main] STEP  JDI - Input 'simple text' in 'css='#name'' (css='#name')
21:35:46 [main] STEP  JDI - Input 'simple text' in 'css='#name'' (css='#name')
21:35:46 [main] STEP  JDI - Assert that 'css='#name'' text simple text (css='#name')
21:35:46 [main] STEP  JDI - Assert that 'css='#name'' text simple text (css='#name')
21:35:46 [main] STEP  JDI - Show (UIElement)
21:35:46 [main] STEP  JDI - Show (UIElement)
21:35:46 [main] STEP  JDI - Assert that 'css='#name'' text  (css='#name')
21:35:46 [main] STEP  JDI - Assert that 'css='#name'' text  (css='#name')
21:35:46 [main] STEP  JDI - Open ''(url=https://jdi-testing.github.io/jdi-light/html5.html) (WebPage)
21:35:46 [main] STEP  JDI - Open ''(url=https://jdi-testing.github.io/jdi-light/html5.html) (WebPage)
21:35:46 [main] INFO  JDI - Page 'WebPage' opened
21:35:46 [main] INFO  JDI - Page 'WebPage' opened
21:35:46 [main] STEP  JDI - Assert that 'css='#name'' css 'font-size' is "14px" (css='#name')
21:35:46 [main] STEP  JDI - Assert that 'css='#name'' css 'font-size' is "14px" (css='#name')
21:35:46 [main] STEP  JDI - Open ''(url=https://jdi-testing.github.io/jdi-light/html5.html) (WebPage)
21:35:46 [main] STEP  JDI - Open ''(url=https://jdi-testing.github.io/jdi-light/html5.html) (WebPage)
21:35:47 [main] INFO  JDI - Page 'WebPage' opened
21:35:47 [main] INFO  JDI - Page 'WebPage' opened
21:35:47 [main] STEP  JDI - Assert that 'css='#name'' attribute 'placeholder' is "Input name" (css='#name')
21:35:47 [main] STEP  JDI - Assert that 'css='#name'' attribute 'placeholder' is "Input name" (css='#name')
21:35:47 [main] STEP  JDI - Open ''(url=https://jdi-testing.github.io/jdi-light/html5.html) (WebPage)
21:35:47 [main] STEP  JDI - Open ''(url=https://jdi-testing.github.io/jdi-light/html5.html) (WebPage)
21:35:47 [main] INFO  JDI - Page 'WebPage' opened
21:35:47 [main] INFO  JDI - Page 'WebPage' opened
21:35:47 [main] STEP  JDI - Input 'simple text' in 'css='#name'' (css='#name')
21:35:47 [main] STEP  JDI - Input 'simple text' in 'css='#name'' (css='#name')
21:35:47 [main] STEP  JDI - Assert that 'css='#name'' text simple text (css='#name')
21:35:47 [main] STEP  JDI - Assert that 'css='#name'' text simple text (css='#name')
21:35:47 [main] STEP  JDI - Open ''(url=https://jdi-testing.github.io/jdi-light/html5.html) (WebPage)
21:35:47 [main] STEP  JDI - Open ''(url=https://jdi-testing.github.io/jdi-light/html5.html) (WebPage)
21:35:47 [main] INFO  JDI - Page 'WebPage' opened
21:35:47 [main] INFO  JDI - Page 'WebPage' opened
21:35:47 [main] STEP  JDI - Assert that 'css='#blue-button'' text BIG BLUE BUTTON (css='#blue-button')
21:35:47 [main] STEP  JDI - Assert that 'css='#blue-button'' text BIG BLUE BUTTON (css='#blue-button')
21:35:47 [main] STEP  JDI - Open ''(url=https://jdi-testing.github.io/jdi-light/html5.html) (WebPage)
21:35:47 [main] STEP  JDI - Open ''(url=https://jdi-testing.github.io/jdi-light/html5.html) (WebPage)
21:35:47 [main] INFO  JDI - Page 'WebPage' opened
21:35:47 [main] INFO  JDI - Page 'WebPage' opened
21:35:47 [main] STEP  JDI - Assert that 'css='#disabled-name'' attribute 'id' is "disabled-name" (css='#disabled-name')
21:35:47 [main] STEP  JDI - Assert that 'css='#disabled-name'' attribute 'id' is "disabled-name" (css='#disabled-name')
21:35:48 [main] STEP  JDI - Open ''(url=https://jdi-testing.github.io/jdi-light/html5.html) (WebPage)
21:35:48 [main] STEP  JDI - Open ''(url=https://jdi-testing.github.io/jdi-light/html5.html) (WebPage)
21:35:48 [main] INFO  JDI - Page 'WebPage' opened
21:35:48 [main] INFO  JDI - Page 'WebPage' opened
21:35:48 [main] STEP  JDI - Assert that 'css='#name'' is enabled (css='#name')
21:35:48 [main] STEP  JDI - Assert that 'css='#name'' is enabled (css='#name')
21:35:48 [main] STEP  JDI - Open ''(url=https://jdi-testing.github.io/jdi-light/html5.html) (WebPage)
21:35:48 [main] STEP  JDI - Open ''(url=https://jdi-testing.github.io/jdi-light/html5.html) (WebPage)
21:35:48 [main] INFO  JDI - Page 'WebPage' opened
21:35:48 [main] INFO  JDI - Page 'WebPage' opened
21:35:48 [main] STEP  JDI - Assert that 'css='#disabled-name'' is disabled (css='#disabled-name')
21:35:48 [main] STEP  JDI - Assert that 'css='#disabled-name'' is disabled (css='#disabled-name')
21:35:48 [main] STEP  JDI - Open ''(url=https://jdi-testing.github.io/jdi-light/html5.html) (WebPage)
21:35:48 [main] STEP  JDI - Open ''(url=https://jdi-testing.github.io/jdi-light/html5.html) (WebPage)
21:35:48 [main] INFO  JDI - Page 'WebPage' opened
21:35:48 [main] INFO  JDI - Page 'WebPage' opened
21:35:48 [main] STEP  JDI - Assert that 'css='.fa-sign-out'' is hidden (css='.fa-sign-out')
21:35:48 [main] STEP  JDI - Assert that 'css='.fa-sign-out'' is hidden (css='.fa-sign-out')
21:35:48 [main] STEP  JDI - Open ''(url=https://jdi-testing.github.io/jdi-light/html5.html) (WebPage)
21:35:48 [main] STEP  JDI - Open ''(url=https://jdi-testing.github.io/jdi-light/html5.html) (WebPage)
21:35:49 [main] INFO  JDI - Page 'WebPage' opened
21:35:49 [main] INFO  JDI - Page 'WebPage' opened
21:35:49 [main] STEP  JDI - Assert that 'css='.fa-sign-out'' does not appear during 10 seconds (css='.fa-sign-out')
21:35:49 [main] STEP  JDI - Assert that 'css='.fa-sign-out'' does not appear during 10 seconds (css='.fa-sign-out')
21:35:59 [main] STEP  JDI - Open ''(url=https://jdi-testing.github.io/jdi-light/html5.html) (WebPage)
21:35:59 [main] STEP  JDI - Open ''(url=https://jdi-testing.github.io/jdi-light/html5.html) (WebPage)
21:35:59 [main] INFO  JDI - Page 'WebPage' opened
21:35:59 [main] INFO  JDI - Page 'WebPage' opened
21:35:59 [main] STEP  JDI - Assert that 'css='#name'' is displayed (css='#name')
21:35:59 [main] STEP  JDI - Assert that 'css='#name'' is displayed (css='#name')
21:35:59 [main] STEP  JDI - Open ''(url=https://jdi-testing.github.io/jdi-light/html5.html) (WebPage)
21:35:59 [main] STEP  JDI - Open ''(url=https://jdi-testing.github.io/jdi-light/html5.html) (WebPage)
21:35:59 [main] INFO  JDI - Page 'WebPage' opened
21:35:59 [main] INFO  JDI - Page 'WebPage' opened
21:35:59 [main] STEP  JDI - Input 'simple text' in 'css='#name'' (css='#name')
21:35:59 [main] STEP  JDI - Input 'simple text' in 'css='#name'' (css='#name')
21:35:59 [main] STEP  JDI - Assert that 'css='#name'' text simple text (css='#name')
21:35:59 [main] STEP  JDI - Assert that 'css='#name'' text simple text (css='#name')
21:35:59 [main] STEP  JDI - Set 'Input text' in 'css='#name'' (css='#name')
21:35:59 [main] STEP  JDI - Set 'Input text' in 'css='#name'' (css='#name')
21:35:59 [main] STEP  JDI - Assert that 'css='#name'' text Input text (css='#name')
21:35:59 [main] STEP  JDI - Assert that 'css='#name'' text Input text (css='#name')
21:35:59 [main] STEP  JDI - ''(url=https://jdi-testing.github.io/jdi-light/html5.html) should be opened (WebPage)
21:35:59 [main] STEP  JDI - ''(url=https://jdi-testing.github.io/jdi-light/html5.html) should be opened (WebPage)
21:35:59 [main] STEP  JDI - Click on 'css='[value*='Red Button']'' (css='[value*='Red Button']')
21:35:59 [main] STEP  JDI - Click on 'css='[value*='Red Button']'' (css='[value*='Red Button']')
21:36:05 [main] STEP  JDI - ValidateAlert(is "Red button")
21:36:05 [main] STEP  JDI - ValidateAlert(is "Red button")
21:36:05 [main] STEP  JDI - ''(url=https://jdi-testing.github.io/jdi-light/html5.html) should be opened (WebPage)
21:36:05 [main] STEP  JDI - ''(url=https://jdi-testing.github.io/jdi-light/html5.html) should be opened (WebPage)
21:36:05 [main] STEP  JDI - Click on 'css='[value*='Red Button']'' (css='[value*='Red Button']')
21:36:05 [main] STEP  JDI - Click on 'css='[value*='Red Button']'' (css='[value*='Red Button']')
21:36:05 [main] STEP  JDI - ValidateAlert(is "Red button")
21:36:05 [main] STEP  JDI - ValidateAlert(is "Red button")
21:36:05 [main] STEP  JDI - ''(url=https://jdi-testing.github.io/jdi-light/html5.html) should be opened (WebPage)
21:36:05 [main] STEP  JDI - ''(url=https://jdi-testing.github.io/jdi-light/html5.html) should be opened (WebPage)
21:36:05 [main] STEP  JDI - Assert that 'css='[value*='Red Button']'' text Big Red Button-Input (css='[value*='Red Button']')
21:36:05 [main] STEP  JDI - Assert that 'css='[value*='Red Button']'' text Big Red Button-Input (css='[value*='Red Button']')
21:36:05 [main] STEP  JDI - ''(url=https://jdi-testing.github.io/jdi-light/html5.html) should be opened (WebPage)
21:36:05 [main] STEP  JDI - ''(url=https://jdi-testing.github.io/jdi-light/html5.html) should be opened (WebPage)
21:36:05 [main] STEP  JDI - Assert that 'css='#name' label' text "Your name:" (css='#name' label)
21:36:05 [main] STEP  JDI - Assert that 'css='#name' label' text "Your name:" (css='#name' label)
21:36:06 [main] STEP  JDI - ''(url=https://jdi-testing.github.io/jdi-light/html5.html) should be opened (WebPage)
21:36:06 [main] STEP  JDI - ''(url=https://jdi-testing.github.io/jdi-light/html5.html) should be opened (WebPage)
21:36:06 [main] STEP  JDI - Input 'simple 1234' in 'css='#name'' (css='#name')
21:36:06 [main] STEP  JDI - Input 'simple 1234' in 'css='#name'' (css='#name')
21:36:06 [main] STEP  JDI - Assert that 'css='#name'' text a string matching the pattern 'w{6} d{4}' (css='#name')
21:36:06 [main] STEP  JDI - Assert that 'css='#name'' text a string matching the pattern 'w{6} d{4}' (css='#name')
21:36:06 [main] STEP  JDI - ''(url=https://jdi-testing.github.io/jdi-light/html5.html) should be opened (WebPage)
21:36:06 [main] STEP  JDI - ''(url=https://jdi-testing.github.io/jdi-light/html5.html) should be opened (WebPage)
21:36:06 [main] STEP  JDI - Check 'Accept Conditions' (Accept Conditions)
21:36:06 [main] STEP  JDI - Check 'Accept Conditions' (Accept Conditions)
21:36:06 [main] STEP  JDI - Assert that 'Accept Conditions' is selected (Accept Conditions)
21:36:06 [main] STEP  JDI - Assert that 'Accept Conditions' is selected (Accept Conditions)
21:36:06 [main] STEP  JDI - ''(url=https://jdi-testing.github.io/jdi-light/html5.html) should be opened (WebPage)
21:36:06 [main] STEP  JDI - ''(url=https://jdi-testing.github.io/jdi-light/html5.html) should be opened (WebPage)
21:36:06 [main] STEP  JDI - Uncheck 'Accept Conditions' (Accept Conditions)
21:36:06 [main] STEP  JDI - Uncheck 'Accept Conditions' (Accept Conditions)
21:36:12 [main] STEP  JDI - Assert that 'Accept Conditions' is deselected (Accept Conditions)
21:36:12 [main] STEP  JDI - Assert that 'Accept Conditions' is deselected (Accept Conditions)
21:36:12 [main] STEP  JDI - ''(url=https://jdi-testing.github.io/jdi-light/html5.html) should be opened (WebPage)
21:36:12 [main] STEP  JDI - ''(url=https://jdi-testing.github.io/jdi-light/html5.html) should be opened (WebPage)
21:36:12 [main] STEP  JDI - Input 'simple text' in 'css='#name'' (css='#name')
21:36:12 [main] STEP  JDI - Input 'simple text' in 'css='#name'' (css='#name')
21:36:12 [main] STEP  JDI - Assert that 'css='#name'' text simple text (css='#name')
21:36:12 [main] STEP  JDI - Assert that 'css='#name'' text simple text (css='#name')
21:36:13 [main] STEP  JDI - Show (UIElement)
21:36:13 [main] STEP  JDI - Show (UIElement)
21:36:13 [main] STEP  JDI - Assert that 'css='#name'' text  (css='#name')
21:36:13 [main] STEP  JDI - Assert that 'css='#name'' text  (css='#name')
21:36:13 [main] STEP  JDI - ''(url=https://jdi-testing.github.io/jdi-light/html5.html) should be opened (WebPage)
21:36:13 [main] STEP  JDI - ''(url=https://jdi-testing.github.io/jdi-light/html5.html) should be opened (WebPage)
21:36:13 [main] STEP  JDI - Assert that 'css='#name'' css 'font-size' is "14px" (css='#name')
21:36:13 [main] STEP  JDI - Assert that 'css='#name'' css 'font-size' is "14px" (css='#name')
21:36:13 [main] STEP  JDI - ''(url=https://jdi-testing.github.io/jdi-light/html5.html) should be opened (WebPage)
21:36:13 [main] STEP  JDI - ''(url=https://jdi-testing.github.io/jdi-light/html5.html) should be opened (WebPage)
21:36:13 [main] STEP  JDI - Assert that 'css='#name'' attribute 'placeholder' is "Input name" (css='#name')
21:36:13 [main] STEP  JDI - Assert that 'css='#name'' attribute 'placeholder' is "Input name" (css='#name')
21:36:13 [main] STEP  JDI - ''(url=https://jdi-testing.github.io/jdi-light/html5.html) should be opened (WebPage)
21:36:13 [main] STEP  JDI - ''(url=https://jdi-testing.github.io/jdi-light/html5.html) should be opened (WebPage)
21:36:13 [main] STEP  JDI - Input 'simple text' in 'css='#name'' (css='#name')
21:36:13 [main] STEP  JDI - Input 'simple text' in 'css='#name'' (css='#name')
21:36:13 [main] STEP  JDI - Assert that 'css='#name'' text simple text (css='#name')
21:36:13 [main] STEP  JDI - Assert that 'css='#name'' text simple text (css='#name')
21:36:13 [main] STEP  JDI - ''(url=https://jdi-testing.github.io/jdi-light/html5.html) should be opened (WebPage)
21:36:13 [main] STEP  JDI - ''(url=https://jdi-testing.github.io/jdi-light/html5.html) should be opened (WebPage)
21:36:13 [main] STEP  JDI - Assert that 'Blue Button' text BIG BLUE BUTTON (Blue Button)
21:36:13 [main] STEP  JDI - Assert that 'Blue Button' text BIG BLUE BUTTON (Blue Button)
21:36:13 [main] STEP  JDI - ''(url=https://jdi-testing.github.io/jdi-light/html5.html) should be opened (WebPage)
21:36:13 [main] STEP  JDI - ''(url=https://jdi-testing.github.io/jdi-light/html5.html) should be opened (WebPage)
21:36:13 [main] STEP  JDI - Assert that 'Disabled Name' attribute 'id' is "disabled-name" (Disabled Name)
21:36:13 [main] STEP  JDI - Assert that 'Disabled Name' attribute 'id' is "disabled-name" (Disabled Name)
21:36:13 [main] STEP  JDI - ''(url=https://jdi-testing.github.io/jdi-light/html5.html) should be opened (WebPage)
21:36:13 [main] STEP  JDI - ''(url=https://jdi-testing.github.io/jdi-light/html5.html) should be opened (WebPage)
21:36:13 [main] STEP  JDI - Assert that 'css='#name'' is enabled (css='#name')
21:36:13 [main] STEP  JDI - Assert that 'css='#name'' is enabled (css='#name')
21:36:14 [main] STEP  JDI - ''(url=https://jdi-testing.github.io/jdi-light/html5.html) should be opened (WebPage)
21:36:14 [main] STEP  JDI - ''(url=https://jdi-testing.github.io/jdi-light/html5.html) should be opened (WebPage)
21:36:14 [main] STEP  JDI - Assert that 'Disabled Name' is disabled (Disabled Name)
21:36:14 [main] STEP  JDI - Assert that 'Disabled Name' is disabled (Disabled Name)
21:36:14 [main] STEP  JDI - ''(url=https://jdi-testing.github.io/jdi-light/html5.html) should be opened (WebPage)
21:36:14 [main] STEP  JDI - ''(url=https://jdi-testing.github.io/jdi-light/html5.html) should be opened (WebPage)
21:36:14 [main] STEP  JDI - Assert that 'css='.fa-sign-out'' is hidden (css='.fa-sign-out')
21:36:14 [main] STEP  JDI - Assert that 'css='.fa-sign-out'' is hidden (css='.fa-sign-out')
21:36:14 [main] STEP  JDI - ''(url=https://jdi-testing.github.io/jdi-light/html5.html) should be opened (WebPage)
21:36:14 [main] STEP  JDI - ''(url=https://jdi-testing.github.io/jdi-light/html5.html) should be opened (WebPage)
21:36:14 [main] STEP  JDI - Assert that 'css='.fa-sign-out'' does not appear during 10 seconds (css='.fa-sign-out')
21:36:14 [main] STEP  JDI - Assert that 'css='.fa-sign-out'' does not appear during 10 seconds (css='.fa-sign-out')
21:36:24 [main] STEP  JDI - ''(url=https://jdi-testing.github.io/jdi-light/html5.html) should be opened (WebPage)
21:36:24 [main] STEP  JDI - ''(url=https://jdi-testing.github.io/jdi-light/html5.html) should be opened (WebPage)
21:36:24 [main] STEP  JDI - Assert that 'css='#name'' is displayed (css='#name')
21:36:24 [main] STEP  JDI - Assert that 'css='#name'' is displayed (css='#name')
21:36:24 [main] STEP  JDI - ''(url=https://jdi-testing.github.io/jdi-light/html5.html) should be opened (WebPage)
21:36:24 [main] STEP  JDI - ''(url=https://jdi-testing.github.io/jdi-light/html5.html) should be opened (WebPage)
21:36:24 [main] STEP  JDI - Input 'simple text' in 'css='#name[placeholder='Input name']'' (css='#name[placeholder='Input name']')
21:36:24 [main] STEP  JDI - Input 'simple text' in 'css='#name[placeholder='Input name']'' (css='#name[placeholder='Input name']')
21:36:24 [main] STEP  JDI - Assert that 'css='#name'' text simple text (css='#name')
21:36:24 [main] STEP  JDI - Assert that 'css='#name'' text simple text (css='#name')
21:36:24 [main] STEP  JDI - Set 'Input text' in 'css='#name'' (css='#name')
21:36:24 [main] STEP  JDI - Set 'Input text' in 'css='#name'' (css='#name')
21:36:24 [main] STEP  JDI - Assert that 'css='#name'' text Input text (css='#name')
21:36:24 [main] STEP  JDI - Assert that 'css='#name'' text Input text (css='#name')
21:36:24 [main] STEP  JDI - ''(url=https://jdi-testing.github.io/jdi-light/html5.html) should be opened (WebPage)
21:36:24 [main] STEP  JDI - ''(url=https://jdi-testing.github.io/jdi-light/html5.html) should be opened (WebPage)
21:36:24 [main] STEP  JDI - Click on 'css='[value*='Red Button']'' (css='[value*='Red Button']')
21:36:24 [main] STEP  JDI - Click on 'css='[value*='Red Button']'' (css='[value*='Red Button']')
21:36:30 [main] STEP  JDI - ValidateAlert(is "Red button")
21:36:30 [main] STEP  JDI - ValidateAlert(is "Red button")
21:36:30 [main] STEP  JDI - ''(url=https://jdi-testing.github.io/jdi-light/html5.html) should be opened (WebPage)
21:36:30 [main] STEP  JDI - ''(url=https://jdi-testing.github.io/jdi-light/html5.html) should be opened (WebPage)
21:36:30 [main] STEP  JDI - Click on 'css='[value*='Red Button']'' (css='[value*='Red Button']')
21:36:30 [main] STEP  JDI - Click on 'css='[value*='Red Button']'' (css='[value*='Red Button']')
21:36:30 [main] STEP  JDI - ValidateAlert(is "Red button")
21:36:30 [main] STEP  JDI - ValidateAlert(is "Red button")
21:36:30 [main] STEP  JDI - ''(url=https://jdi-testing.github.io/jdi-light/html5.html) should be opened (WebPage)
21:36:30 [main] STEP  JDI - ''(url=https://jdi-testing.github.io/jdi-light/html5.html) should be opened (WebPage)
21:36:30 [main] STEP  JDI - Assert that 'css='[value*='Red Button']'' text Big Red Button-Input (css='[value*='Red Button']')
21:36:30 [main] STEP  JDI - Assert that 'css='[value*='Red Button']'' text Big Red Button-Input (css='[value*='Red Button']')
21:36:31 [main] STEP  JDI - ''(url=https://jdi-testing.github.io/jdi-light/html5.html) should be opened (WebPage)
21:36:31 [main] STEP  JDI - ''(url=https://jdi-testing.github.io/jdi-light/html5.html) should be opened (WebPage)
21:36:31 [main] STEP  JDI - Assert that 'css='#name' label' text "Your name:" (css='#name' label)
21:36:31 [main] STEP  JDI - Assert that 'css='#name' label' text "Your name:" (css='#name' label)
21:36:31 [main] STEP  JDI - ''(url=https://jdi-testing.github.io/jdi-light/html5.html) should be opened (WebPage)
21:36:31 [main] STEP  JDI - ''(url=https://jdi-testing.github.io/jdi-light/html5.html) should be opened (WebPage)
21:36:31 [main] STEP  JDI - Input 'simple 1234' in 'css='#name'' (css='#name')
21:36:31 [main] STEP  JDI - Input 'simple 1234' in 'css='#name'' (css='#name')
21:36:31 [main] STEP  JDI - Assert that 'css='#name'' text a string matching the pattern 'w{6} d{4}' (css='#name')
21:36:31 [main] STEP  JDI - Assert that 'css='#name'' text a string matching the pattern 'w{6} d{4}' (css='#name')
21:36:31 [main] STEP  JDI - ''(url=https://jdi-testing.github.io/jdi-light/html5.html) should be opened (WebPage)
21:36:31 [main] STEP  JDI - ''(url=https://jdi-testing.github.io/jdi-light/html5.html) should be opened (WebPage)
21:36:31 [main] STEP  JDI - Check 'Accept Conditions' (Accept Conditions)
21:36:31 [main] STEP  JDI - Check 'Accept Conditions' (Accept Conditions)
21:36:38 [main] STEP  JDI - Assert that 'Accept Conditions' is selected (Accept Conditions)
21:36:38 [main] STEP  JDI - Assert that 'Accept Conditions' is selected (Accept Conditions)
21:36:38 [main] STEP  JDI - ''(url=https://jdi-testing.github.io/jdi-light/html5.html) should be opened (WebPage)
21:36:38 [main] STEP  JDI - ''(url=https://jdi-testing.github.io/jdi-light/html5.html) should be opened (WebPage)
21:36:38 [main] STEP  JDI - Uncheck 'Accept Conditions' (Accept Conditions)
21:36:38 [main] STEP  JDI - Uncheck 'Accept Conditions' (Accept Conditions)
21:36:44 [main] STEP  JDI - Assert that 'Accept Conditions' is deselected (Accept Conditions)
21:36:44 [main] STEP  JDI - Assert that 'Accept Conditions' is deselected (Accept Conditions)
21:36:44 [main] STEP  JDI - ''(url=https://jdi-testing.github.io/jdi-light/html5.html) should be opened (WebPage)
21:36:44 [main] STEP  JDI - ''(url=https://jdi-testing.github.io/jdi-light/html5.html) should be opened (WebPage)
21:36:44 [main] STEP  JDI - Input 'simple text' in 'css='#name'' (css='#name')
21:36:44 [main] STEP  JDI - Input 'simple text' in 'css='#name'' (css='#name')
21:36:44 [main] STEP  JDI - Assert that 'css='#name'' text simple text (css='#name')
21:36:44 [main] STEP  JDI - Assert that 'css='#name'' text simple text (css='#name')
21:36:45 [main] STEP  JDI - Show (UIElement)
21:36:45 [main] STEP  JDI - Show (UIElement)
21:36:45 [main] STEP  JDI - Assert that 'css='#name'' text  (css='#name')
21:36:45 [main] STEP  JDI - Assert that 'css='#name'' text  (css='#name')
21:36:45 [main] STEP  JDI - ''(url=https://jdi-testing.github.io/jdi-light/html5.html) should be opened (WebPage)
21:36:45 [main] STEP  JDI - ''(url=https://jdi-testing.github.io/jdi-light/html5.html) should be opened (WebPage)
21:36:45 [main] STEP  JDI - Assert that 'css='#name'' css 'font-size' is "14px" (css='#name')
21:36:45 [main] STEP  JDI - Assert that 'css='#name'' css 'font-size' is "14px" (css='#name')
21:36:45 [main] STEP  JDI - ''(url=https://jdi-testing.github.io/jdi-light/html5.html) should be opened (WebPage)
21:36:45 [main] STEP  JDI - ''(url=https://jdi-testing.github.io/jdi-light/html5.html) should be opened (WebPage)
21:36:45 [main] STEP  JDI - Assert that 'css='#name'' attribute 'placeholder' is "Input name" (css='#name')
21:36:45 [main] STEP  JDI - Assert that 'css='#name'' attribute 'placeholder' is "Input name" (css='#name')
21:36:45 [main] STEP  JDI - ''(url=https://jdi-testing.github.io/jdi-light/html5.html) should be opened (WebPage)
21:36:45 [main] STEP  JDI - ''(url=https://jdi-testing.github.io/jdi-light/html5.html) should be opened (WebPage)
21:36:45 [main] STEP  JDI - Input 'simple text' in 'css='#name'' (css='#name')
21:36:45 [main] STEP  JDI - Input 'simple text' in 'css='#name'' (css='#name')
21:36:45 [main] STEP  JDI - Assert that 'css='#name'' text simple text (css='#name')
21:36:45 [main] STEP  JDI - Assert that 'css='#name'' text simple text (css='#name')
21:36:45 [main] STEP  JDI - ''(url=https://jdi-testing.github.io/jdi-light/html5.html) should be opened (WebPage)
21:36:45 [main] STEP  JDI - ''(url=https://jdi-testing.github.io/jdi-light/html5.html) should be opened (WebPage)
21:36:45 [main] STEP  JDI - Assert that 'Blue Button' text BIG BLUE BUTTON (Blue Button)
21:36:45 [main] STEP  JDI - Assert that 'Blue Button' text BIG BLUE BUTTON (Blue Button)
21:36:45 [main] STEP  JDI - ''(url=https://jdi-testing.github.io/jdi-light/html5.html) should be opened (WebPage)
21:36:45 [main] STEP  JDI - ''(url=https://jdi-testing.github.io/jdi-light/html5.html) should be opened (WebPage)
21:36:45 [main] STEP  JDI - Assert that 'Disabled Name' attribute 'id' is "disabled-name" (Disabled Name)
21:36:45 [main] STEP  JDI - Assert that 'Disabled Name' attribute 'id' is "disabled-name" (Disabled Name)
21:36:46 [main] STEP  JDI - ''(url=https://jdi-testing.github.io/jdi-light/html5.html) should be opened (WebPage)
21:36:46 [main] STEP  JDI - ''(url=https://jdi-testing.github.io/jdi-light/html5.html) should be opened (WebPage)
21:36:46 [main] STEP  JDI - Assert that 'css='#name'' is enabled (css='#name')
21:36:46 [main] STEP  JDI - Assert that 'css='#name'' is enabled (css='#name')
21:36:46 [main] STEP  JDI - ''(url=https://jdi-testing.github.io/jdi-light/html5.html) should be opened (WebPage)
21:36:46 [main] STEP  JDI - ''(url=https://jdi-testing.github.io/jdi-light/html5.html) should be opened (WebPage)
21:36:46 [main] STEP  JDI - Assert that 'Disabled Name' is disabled (Disabled Name)
21:36:46 [main] STEP  JDI - Assert that 'Disabled Name' is disabled (Disabled Name)
21:36:46 [main] STEP  JDI - ''(url=https://jdi-testing.github.io/jdi-light/html5.html) should be opened (WebPage)
21:36:46 [main] STEP  JDI - ''(url=https://jdi-testing.github.io/jdi-light/html5.html) should be opened (WebPage)
21:36:46 [main] STEP  JDI - Assert that 'css='.fa-sign-out'' is hidden (css='.fa-sign-out')
21:36:46 [main] STEP  JDI - Assert that 'css='.fa-sign-out'' is hidden (css='.fa-sign-out')
21:36:46 [main] STEP  JDI - ''(url=https://jdi-testing.github.io/jdi-light/html5.html) should be opened (WebPage)
21:36:46 [main] STEP  JDI - ''(url=https://jdi-testing.github.io/jdi-light/html5.html) should be opened (WebPage)
21:36:46 [main] STEP  JDI - Assert that 'css='.fa-sign-out'' does not appear during 10 seconds (css='.fa-sign-out')
21:36:46 [main] STEP  JDI - Assert that 'css='.fa-sign-out'' does not appear during 10 seconds (css='.fa-sign-out')
21:36:56 [main] STEP  JDI - ''(url=https://jdi-testing.github.io/jdi-light/html5.html) should be opened (WebPage)
21:36:56 [main] STEP  JDI - ''(url=https://jdi-testing.github.io/jdi-light/html5.html) should be opened (WebPage)
21:36:56 [main] STEP  JDI - Assert that 'css='#name'' is displayed (css='#name')
21:36:56 [main] STEP  JDI - Assert that 'css='#name'' is displayed (css='#name')
21:36:56 [main] STEP  JDI - ''(url=https://jdi-testing.github.io/jdi-light/html5.html) should be opened (WebPage)
21:36:56 [main] STEP  JDI - ''(url=https://jdi-testing.github.io/jdi-light/html5.html) should be opened (WebPage)
21:36:56 [main] STEP  JDI - Input 'simple text' in 'css='#name'' (css='#name')
21:36:56 [main] STEP  JDI - Input 'simple text' in 'css='#name'' (css='#name')
21:36:56 [main] STEP  JDI - Assert that 'css='#name'' text simple text (css='#name')
21:36:56 [main] STEP  JDI - Assert that 'css='#name'' text simple text (css='#name')
21:36:57 [main] STEP  JDI - Set 'Input text' in 'css='#name'' (css='#name')
21:36:57 [main] STEP  JDI - Set 'Input text' in 'css='#name'' (css='#name')
21:36:57 [main] STEP  JDI - Assert that 'css='#name'' text Input text (css='#name')
21:36:57 [main] STEP  JDI - Assert that 'css='#name'' text Input text (css='#name')
